[ 2018-11-03T22:09:28+08:00 ] 127.0.0.1 /admin/index
INFO: [ app_init ] --START--
INFO: Run Behavior\BuildLiteBehavior [ RunTime:0.000026s ]
INFO: [ app_init ] --END-- [ RunTime:0.000736s ]
INFO: [ app_begin ] --START--
INFO: Run Behavior\ReadHtmlCacheBehavior [ RunTime:0.001034s ]
INFO: [ app_begin ] --END-- [ RunTime:0.001197s ]
INFO: [ view_parse ] --START--
INFO: Run Behavior\ParseTemplateBehavior [ RunTime:0.000685s ]
INFO: [ view_parse ] --END-- [ RunTime:0.000803s ]
INFO: [ view_filter ] --START--
INFO: Run Behavior\WriteHtmlCacheBehavior [ RunTime:0.000532s ]
INFO: [ view_filter ] --END-- [ RunTime:0.000633s ]
INFO: [ app_end ] --START--
INFO: Run Behavior\ShowPageTraceBehavior [ RunTime:0.000696s ]
INFO: [ app_end ] --END-- [ RunTime:0.000797s ]

[ 2018-11-03T22:11:06+08:00 ] 127.0.0.1 /admin/case/getCase
INFO: [ app_init ] --START--
INFO: Run Behavior\BuildLiteBehavior [ RunTime:0.000032s ]
INFO: [ app_init ] --END-- [ RunTime:0.000658s ]
INFO: [ app_begin ] --START--
INFO: Run Behavior\ReadHtmlCacheBehavior [ RunTime:0.000634s ]
INFO: [ app_begin ] --END-- [ RunTime:0.000780s ]
ERR: SQLSTATE[HY000] [2002] ”…”⁄ƒø±Íº∆À„ª˙ª˝º´æ‹æ¯£¨Œﬁ∑®¡¨Ω”°£


[ 2018-11-03T22:11:17+08:00 ] 127.0.0.1 /admin/case/getCase
INFO: [ app_init ] --START--
INFO: Run Behavior\BuildLiteBehavior [ RunTime:0.000026s ]
INFO: [ app_init ] --END-- [ RunTime:0.000522s ]
INFO: [ app_begin ] --START--
INFO: Run Behavior\ReadHtmlCacheBehavior [ RunTime:0.000634s ]
INFO: [ app_begin ] --END-- [ RunTime:0.000762s ]
SQL: SHOW COLUMNS FROM `case` [ RunTime:0.0152s ]
NOTIC: [4096] Object of class Think\Model could not be converted to string D:\Software\wamp\www\zishun\Application\Admin\Controller\CaseController.class.php Á¨¨ 20 Ë°å.
INFO: [ app_end ] --START--
INFO: Run Behavior\ShowPageTraceBehavior [ RunTime:0.000666s ]
INFO: [ app_end ] --END-- [ RunTime:0.000769s ]

[ 2018-11-03T22:11:54+08:00 ] 127.0.0.1 /admin/case/getCase
INFO: [ app_init ] --START--
INFO: Run Behavior\BuildLiteBehavior [ RunTime:0.000021s ]
INFO: [ app_init ] --END-- [ RunTime:0.000480s ]
INFO: [ app_begin ] --START--
INFO: Run Behavior\ReadHtmlCacheBehavior [ RunTime:0.000686s ]
INFO: [ app_begin ] --END-- [ RunTime:0.000795s ]
SQL: SHOW COLUMNS FROM `case` [ RunTime:0.0119s ]
SQL: SELECT * FROM `case` LIMIT 1   [ RunTime:0.0004s ]
INFO: [ app_end ] --START--
INFO: Run Behavior\ShowPageTraceBehavior [ RunTime:0.000784s ]
INFO: [ app_end ] --END-- [ RunTime:0.000885s ]

[ 2018-11-03T22:12:12+08:00 ] 127.0.0.1 /admin/case/getCase
INFO: [ app_init ] --START--
INFO: Run Behavior\BuildLiteBehavior [ RunTime:0.000024s ]
INFO: [ app_init ] --END-- [ RunTime:0.000529s ]
INFO: [ app_begin ] --START--
INFO: Run Behavior\ReadHtmlCacheBehavior [ RunTime:0.000863s ]
INFO: [ app_begin ] --END-- [ RunTime:0.001072s ]
SQL: SHOW COLUMNS FROM `user` [ RunTime:0.0144s ]
SQL: SELECT * FROM `user` LIMIT 1   [ RunTime:0.0005s ]
NOTIC: [8] Array to string conversion D:\Software\wamp\www\zishun\Application\Admin\Controller\CaseController.class.php Á¨¨ 21 Ë°å.
INFO: [ app_end ] --START--
INFO: Run Behavior\ShowPageTraceBehavior [ RunTime:0.000900s ]
INFO: [ app_end ] --END-- [ RunTime:0.001004s ]

[ 2018-11-03T22:12:22+08:00 ] 127.0.0.1 /admin/case/getCase
INFO: [ app_init ] --START--
INFO: Run Behavior\BuildLiteBehavior [ RunTime:0.000066s ]
INFO: [ app_init ] --END-- [ RunTime:0.001072s ]
INFO: [ app_begin ] --START--
INFO: Run Behavior\ReadHtmlCacheBehavior [ RunTime:0.001419s ]
INFO: [ app_begin ] --END-- [ RunTime:0.001671s ]
SQL: SHOW COLUMNS FROM `user` [ RunTime:0.0212s ]
SQL: SELECT * FROM `user` LIMIT 1   [ RunTime:0.0003s ]
NOTIC: [8] Undefined offset: 0 D:\Software\wamp\www\zishun\Application\Admin\Controller\CaseController.class.php Á¨¨ 21 Ë°å.
INFO: [ app_end ] --START--
INFO: Run Behavior\ShowPageTraceBehavior [ RunTime:0.000649s ]
INFO: [ app_end ] --END-- [ RunTime:0.000748s ]

[ 2018-11-03T22:19:03+08:00 ] 127.0.0.1 /admin/user/login
INFO: [ app_init ] --START--
INFO: Run Behavior\BuildLiteBehavior [ RunTime:0.000176s ]
INFO: [ app_init ] --END-- [ RunTime:0.003295s ]
INFO: [ app_begin ] --START--
INFO: Run Behavior\ReadHtmlCacheBehavior [ RunTime:0.004211s ]
INFO: [ app_begin ] --END-- [ RunTime:0.004907s ]
SQL: SHOW COLUMNS FROM `user` [ RunTime:0.0295s ]
NOTIC: [8] Undefined index: username D:\Software\wamp\www\zishun\Application\Admin\Controller\UserController.class.php Á¨¨ 19 Ë°å.
NOTIC: [8] Undefined index: password D:\Software\wamp\www\zishun\Application\Admin\Controller\UserController.class.php Á¨¨ 20 Ë°å.
ERR: 1064:You have an error in your SQL syntax; check the manual that corresponds to your MySQL server version for the right syntax to use near 'and password= ) LIMIT 1' at line 1
 [ SQLËØ≠Âè• ] : SELECT * FROM `user` WHERE ( username= and password= ) LIMIT 1  
ERR: 1064:You have an error in your SQL syntax; check the manual that corresponds to your MySQL server version for the right syntax to use near 'and password= ) LIMIT 1' at line 1
 [ SQLËØ≠Âè• ] : SELECT * FROM `user` WHERE ( username= and password= ) LIMIT 1  

[ 2018-11-03T22:19:22+08:00 ] 127.0.0.1 /admin/user/login
INFO: [ app_init ] --START--
INFO: Run Behavior\BuildLiteBehavior [ RunTime:0.000040s ]
INFO: [ app_init ] --END-- [ RunTime:0.000773s ]
INFO: [ app_begin ] --START--
INFO: Run Behavior\ReadHtmlCacheBehavior [ RunTime:0.000734s ]
INFO: [ app_begin ] --END-- [ RunTime:0.000888s ]
SQL: SHOW COLUMNS FROM `user` [ RunTime:0.0131s ]
NOTIC: [8] Undefined index: username D:\Software\wamp\www\zishun\Application\Admin\Controller\UserController.class.php Á¨¨ 19 Ë°å.
NOTIC: [8] Undefined index: password D:\Software\wamp\www\zishun\Application\Admin\Controller\UserController.class.php Á¨¨ 20 Ë°å.
ERR: 1064:You have an error in your SQL syntax; check the manual that corresponds to your MySQL server version for the right syntax to use near 'and password= ) LIMIT 1' at line 1
 [ SQLËØ≠Âè• ] : SELECT * FROM `user` WHERE ( username= and password= ) LIMIT 1  
ERR: 1064:You have an error in your SQL syntax; check the manual that corresponds to your MySQL server version for the right syntax to use near 'and password= ) LIMIT 1' at line 1
 [ SQLËØ≠Âè• ] : SELECT * FROM `user` WHERE ( username= and password= ) LIMIT 1  

[ 2018-11-03T22:20:37+08:00 ] 127.0.0.1 /admin/user/login
INFO: [ app_init ] --START--
INFO: Run Behavior\BuildLiteBehavior [ RunTime:0.000042s ]
INFO: [ app_init ] --END-- [ RunTime:0.000754s ]
INFO: [ app_begin ] --START--
INFO: Run Behavior\ReadHtmlCacheBehavior [ RunTime:0.000737s ]
INFO: [ app_begin ] --END-- [ RunTime:0.000848s ]
SQL: SHOW COLUMNS FROM `user` [ RunTime:0.0185s ]
NOTIC: [8] Undefined index: username D:\Software\wamp\www\zishun\Application\Admin\Controller\UserController.class.php Á¨¨ 19 Ë°å.
NOTIC: [8] Undefined index: password D:\Software\wamp\www\zishun\Application\Admin\Controller\UserController.class.php Á¨¨ 20 Ë°å.
NOTIC: [8] Undefined variable: data D:\Software\wamp\www\zishun\Application\Admin\Controller\UserController.class.php Á¨¨ 27 Ë°å.
NOTIC: [8] Undefined variable: data D:\Software\wamp\www\zishun\Application\Admin\Controller\UserController.class.php Á¨¨ 28 Ë°å.
NOTIC: [8] Undefined variable: data D:\Software\wamp\www\zishun\Application\Admin\Controller\UserController.class.php Á¨¨ 29 Ë°å.
INFO: [ app_end ] --START--
INFO: Run Behavior\ShowPageTraceBehavior [ RunTime:0.000835s ]
INFO: [ app_end ] --END-- [ RunTime:0.000934s ]

[ 2018-11-03T22:20:45+08:00 ] 127.0.0.1 /admin/user/login
INFO: [ app_init ] --START--
INFO: Run Behavior\BuildLiteBehavior [ RunTime:0.000040s ]
INFO: [ app_init ] --END-- [ RunTime:0.000957s ]
INFO: [ app_begin ] --START--
INFO: Run Behavior\ReadHtmlCacheBehavior [ RunTime:0.000955s ]
INFO: [ app_begin ] --END-- [ RunTime:0.001150s ]
SQL: SHOW COLUMNS FROM `user` [ RunTime:0.0154s ]
NOTIC: [8] Undefined index: username D:\Software\wamp\www\zishun\Application\Admin\Controller\UserController.class.php Á¨¨ 19 Ë°å.
NOTIC: [8] Undefined index: password D:\Software\wamp\www\zishun\Application\Admin\Controller\UserController.class.php Á¨¨ 20 Ë°å.
NOTIC: [8] Undefined variable: data D:\Software\wamp\www\zishun\Application\Admin\Controller\UserController.class.php Á¨¨ 27 Ë°å.
NOTIC: [8] Undefined variable: data D:\Software\wamp\www\zishun\Application\Admin\Controller\UserController.class.php Á¨¨ 28 Ë°å.
NOTIC: [8] Undefined variable: data D:\Software\wamp\www\zishun\Application\Admin\Controller\UserController.class.php Á¨¨ 29 Ë°å.
INFO: [ app_end ] --START--
INFO: Run Behavior\ShowPageTraceBehavior [ RunTime:0.000870s ]
INFO: [ app_end ] --END-- [ RunTime:0.000980s ]

